mode: set
github.com/a13x22/kubectl-wild/args.go:92.37,97.2 1 1
github.com/a13x22/kubectl-wild/args.go:107.51,110.19 3 1
github.com/a13x22/kubectl-wild/args.go:111.50,111.50 0 1
github.com/a13x22/kubectl-wild/args.go:112.10,113.55 1 0
github.com/a13x22/kubectl-wild/args.go:116.2,118.42 3 1
github.com/a13x22/kubectl-wild/args.go:118.42,121.3 2 1
github.com/a13x22/kubectl-wild/args.go:121.8,123.3 1 1
github.com/a13x22/kubectl-wild/args.go:126.2,129.55 2 1
github.com/a13x22/kubectl-wild/args.go:129.55,131.3 1 1
github.com/a13x22/kubectl-wild/args.go:131.8,133.3 1 1
github.com/a13x22/kubectl-wild/args.go:135.2,136.55 2 1
github.com/a13x22/kubectl-wild/args.go:136.55,138.3 1 1
github.com/a13x22/kubectl-wild/args.go:140.2,140.75 1 1
github.com/a13x22/kubectl-wild/args.go:140.75,145.3 2 1
github.com/a13x22/kubectl-wild/args.go:145.8,149.3 2 1
github.com/a13x22/kubectl-wild/args.go:151.2,152.24 2 1
github.com/a13x22/kubectl-wild/args.go:152.24,154.3 1 1
github.com/a13x22/kubectl-wild/args.go:155.2,155.28 1 1
github.com/a13x22/kubectl-wild/args.go:155.28,157.3 1 0
github.com/a13x22/kubectl-wild/args.go:158.2,161.34 2 1
github.com/a13x22/kubectl-wild/args.go:161.34,164.12 2 1
github.com/a13x22/kubectl-wild/args.go:165.18,167.12 2 0
github.com/a13x22/kubectl-wild/args.go:168.18,170.12 2 1
github.com/a13x22/kubectl-wild/args.go:171.21,173.12 2 0
github.com/a13x22/kubectl-wild/args.go:174.18,177.34 3 0
github.com/a13x22/kubectl-wild/args.go:177.34,179.5 1 0
github.com/a13x22/kubectl-wild/args.go:180.4,180.12 1 0
github.com/a13x22/kubectl-wild/args.go:181.27,182.25 1 0
github.com/a13x22/kubectl-wild/args.go:182.25,184.5 1 0
github.com/a13x22/kubectl-wild/args.go:185.4,186.27 2 0
github.com/a13x22/kubectl-wild/args.go:186.27,188.5 1 0
github.com/a13x22/kubectl-wild/args.go:189.4,193.12 5 0
github.com/a13x22/kubectl-wild/args.go:194.19,195.25 1 0
github.com/a13x22/kubectl-wild/args.go:195.25,197.5 1 0
github.com/a13x22/kubectl-wild/args.go:198.4,200.12 3 0
github.com/a13x22/kubectl-wild/args.go:201.13,202.25 1 1
github.com/a13x22/kubectl-wild/args.go:202.25,204.5 1 0
github.com/a13x22/kubectl-wild/args.go:205.4,207.12 3 1
github.com/a13x22/kubectl-wild/args.go:208.24,210.12 2 1
github.com/a13x22/kubectl-wild/args.go:211.21,213.12 2 0
github.com/a13x22/kubectl-wild/args.go:214.20,215.25 1 0
github.com/a13x22/kubectl-wild/args.go:215.25,217.5 1 0
github.com/a13x22/kubectl-wild/args.go:218.4,220.12 3 0
github.com/a13x22/kubectl-wild/args.go:221.22,223.12 2 0
github.com/a13x22/kubectl-wild/args.go:224.20,226.12 2 0
github.com/a13x22/kubectl-wild/args.go:227.18,228.25 1 1
github.com/a13x22/kubectl-wild/args.go:228.25,230.5 1 0
github.com/a13x22/kubectl-wild/args.go:231.4,233.12 3 1
github.com/a13x22/kubectl-wild/args.go:234.20,235.25 1 1
github.com/a13x22/kubectl-wild/args.go:235.25,237.5 1 0
github.com/a13x22/kubectl-wild/args.go:238.4,240.12 3 1
github.com/a13x22/kubectl-wild/args.go:241.23,242.25 1 1
github.com/a13x22/kubectl-wild/args.go:242.25,244.5 1 0
github.com/a13x22/kubectl-wild/args.go:245.4,246.28 2 1
github.com/a13x22/kubectl-wild/args.go:246.28,248.5 1 0
github.com/a13x22/kubectl-wild/args.go:249.4,251.12 3 1
github.com/a13x22/kubectl-wild/args.go:252.15,253.25 1 0
github.com/a13x22/kubectl-wild/args.go:253.25,255.5 1 0
github.com/a13x22/kubectl-wild/args.go:256.4,258.12 3 0
github.com/a13x22/kubectl-wild/args.go:259.22,260.25 1 0
github.com/a13x22/kubectl-wild/args.go:260.25,262.5 1 0
github.com/a13x22/kubectl-wild/args.go:263.4,265.12 3 0
github.com/a13x22/kubectl-wild/args.go:266.21,267.25 1 0
github.com/a13x22/kubectl-wild/args.go:267.25,269.5 1 0
github.com/a13x22/kubectl-wild/args.go:270.4,272.12 3 0
github.com/a13x22/kubectl-wild/args.go:273.30,274.25 1 0
github.com/a13x22/kubectl-wild/args.go:274.25,276.5 1 0
github.com/a13x22/kubectl-wild/args.go:277.4,278.27 2 0
github.com/a13x22/kubectl-wild/args.go:278.27,280.5 1 0
github.com/a13x22/kubectl-wild/args.go:281.4,283.12 3 0
github.com/a13x22/kubectl-wild/args.go:284.27,286.12 2 0
github.com/a13x22/kubectl-wild/args.go:287.23,288.25 1 1
github.com/a13x22/kubectl-wild/args.go:288.25,290.5 1 0
github.com/a13x22/kubectl-wild/args.go:291.4,292.18 2 1
github.com/a13x22/kubectl-wild/args.go:292.18,294.5 1 0
github.com/a13x22/kubectl-wild/args.go:295.4,297.12 3 1
github.com/a13x22/kubectl-wild/args.go:298.25,299.25 1 1
github.com/a13x22/kubectl-wild/args.go:299.25,301.5 1 0
github.com/a13x22/kubectl-wild/args.go:302.4,303.18 2 1
github.com/a13x22/kubectl-wild/args.go:303.18,305.5 1 0
github.com/a13x22/kubectl-wild/args.go:306.4,308.12 3 1
github.com/a13x22/kubectl-wild/args.go:309.23,310.25 1 1
github.com/a13x22/kubectl-wild/args.go:310.25,312.5 1 0
github.com/a13x22/kubectl-wild/args.go:313.4,315.12 3 1
github.com/a13x22/kubectl-wild/args.go:316.36,318.12 2 0
github.com/a13x22/kubectl-wild/args.go:319.18,320.25 1 0
github.com/a13x22/kubectl-wild/args.go:320.25,322.5 1 0
github.com/a13x22/kubectl-wild/args.go:323.4,326.18 4 0
github.com/a13x22/kubectl-wild/args.go:326.18,328.5 1 0
github.com/a13x22/kubectl-wild/args.go:329.4,330.12 2 0
github.com/a13x22/kubectl-wild/args.go:331.25,332.25 1 0
github.com/a13x22/kubectl-wild/args.go:332.25,334.5 1 0
github.com/a13x22/kubectl-wild/args.go:335.4,338.18 4 0
github.com/a13x22/kubectl-wild/args.go:338.18,340.5 1 0
github.com/a13x22/kubectl-wild/args.go:341.4,342.12 2 0
github.com/a13x22/kubectl-wild/args.go:343.27,344.25 1 0
github.com/a13x22/kubectl-wild/args.go:344.25,346.5 1 0
github.com/a13x22/kubectl-wild/args.go:347.4,350.18 4 0
github.com/a13x22/kubectl-wild/args.go:350.18,352.5 1 0
github.com/a13x22/kubectl-wild/args.go:353.4,354.12 2 0
github.com/a13x22/kubectl-wild/args.go:355.24,356.25 1 0
github.com/a13x22/kubectl-wild/args.go:356.25,358.5 1 0
github.com/a13x22/kubectl-wild/args.go:359.4,362.18 4 0
github.com/a13x22/kubectl-wild/args.go:362.18,364.5 1 0
github.com/a13x22/kubectl-wild/args.go:365.4,366.12 2 0
github.com/a13x22/kubectl-wild/args.go:367.28,368.25 1 0
github.com/a13x22/kubectl-wild/args.go:368.25,370.5 1 0
github.com/a13x22/kubectl-wild/args.go:371.4,373.12 3 0
github.com/a13x22/kubectl-wild/args.go:374.23,375.25 1 0
github.com/a13x22/kubectl-wild/args.go:375.25,377.5 1 0
github.com/a13x22/kubectl-wild/args.go:378.4,381.18 4 0
github.com/a13x22/kubectl-wild/args.go:381.18,383.5 1 0
github.com/a13x22/kubectl-wild/args.go:384.4,385.12 2 0
github.com/a13x22/kubectl-wild/args.go:386.30,387.25 1 0
github.com/a13x22/kubectl-wild/args.go:387.25,389.5 1 0
github.com/a13x22/kubectl-wild/args.go:390.4,393.18 4 0
github.com/a13x22/kubectl-wild/args.go:393.18,395.5 1 0
github.com/a13x22/kubectl-wild/args.go:396.4,397.12 2 0
github.com/a13x22/kubectl-wild/args.go:398.32,399.25 1 0
github.com/a13x22/kubectl-wild/args.go:399.25,401.5 1 0
github.com/a13x22/kubectl-wild/args.go:402.4,405.18 4 0
github.com/a13x22/kubectl-wild/args.go:405.18,407.5 1 0
github.com/a13x22/kubectl-wild/args.go:408.4,409.12 2 0
github.com/a13x22/kubectl-wild/args.go:410.29,411.25 1 0
github.com/a13x22/kubectl-wild/args.go:411.25,413.5 1 0
github.com/a13x22/kubectl-wild/args.go:414.4,417.18 4 0
github.com/a13x22/kubectl-wild/args.go:417.18,419.5 1 0
github.com/a13x22/kubectl-wild/args.go:420.4,421.12 2 0
github.com/a13x22/kubectl-wild/args.go:422.33,423.25 1 0
github.com/a13x22/kubectl-wild/args.go:423.25,425.5 1 0
github.com/a13x22/kubectl-wild/args.go:426.4,428.12 3 0
github.com/a13x22/kubectl-wild/args.go:429.17,430.25 1 0
github.com/a13x22/kubectl-wild/args.go:430.25,432.5 1 0
github.com/a13x22/kubectl-wild/args.go:433.4,435.12 3 0
github.com/a13x22/kubectl-wild/args.go:436.24,437.25 1 0
github.com/a13x22/kubectl-wild/args.go:437.25,439.5 1 0
github.com/a13x22/kubectl-wild/args.go:440.4,442.12 3 0
github.com/a13x22/kubectl-wild/args.go:443.23,444.25 1 0
github.com/a13x22/kubectl-wild/args.go:444.25,446.5 1 0
github.com/a13x22/kubectl-wild/args.go:447.4,449.12 3 0
github.com/a13x22/kubectl-wild/args.go:450.21,451.25 1 0
github.com/a13x22/kubectl-wild/args.go:451.25,453.5 1 0
github.com/a13x22/kubectl-wild/args.go:454.4,456.12 3 0
github.com/a13x22/kubectl-wild/args.go:457.33,459.12 2 0
github.com/a13x22/kubectl-wild/args.go:460.19,461.25 1 0
github.com/a13x22/kubectl-wild/args.go:461.25,463.5 1 0
github.com/a13x22/kubectl-wild/args.go:464.4,466.12 3 0
github.com/a13x22/kubectl-wild/args.go:467.27,468.25 1 0
github.com/a13x22/kubectl-wild/args.go:468.25,470.5 1 0
github.com/a13x22/kubectl-wild/args.go:471.4,473.12 3 0
github.com/a13x22/kubectl-wild/args.go:474.27,475.25 1 0
github.com/a13x22/kubectl-wild/args.go:475.25,477.5 1 0
github.com/a13x22/kubectl-wild/args.go:478.4,480.12 3 0
github.com/a13x22/kubectl-wild/args.go:481.28,483.12 2 0
github.com/a13x22/kubectl-wild/args.go:484.19,485.25 1 1
github.com/a13x22/kubectl-wild/args.go:485.25,487.5 1 0
github.com/a13x22/kubectl-wild/args.go:488.4,488.28 1 1
github.com/a13x22/kubectl-wild/args.go:488.28,490.5 1 1
github.com/a13x22/kubectl-wild/args.go:491.4,492.12 2 1
github.com/a13x22/kubectl-wild/args.go:496.3,496.43 1 1
github.com/a13x22/kubectl-wild/args.go:496.43,499.12 3 1
github.com/a13x22/kubectl-wild/args.go:501.3,501.38 1 1
github.com/a13x22/kubectl-wild/args.go:501.38,505.63 1 1
github.com/a13x22/kubectl-wild/args.go:505.63,507.26 2 1
github.com/a13x22/kubectl-wild/args.go:507.26,509.85 1 1
github.com/a13x22/kubectl-wild/args.go:509.85,511.7 1 1
github.com/a13x22/kubectl-wild/args.go:511.12,513.7 1 0
github.com/a13x22/kubectl-wild/args.go:514.6,518.14 4 1
github.com/a13x22/kubectl-wild/args.go:521.5,525.13 5 1
github.com/a13x22/kubectl-wild/args.go:528.4,529.12 2 0
github.com/a13x22/kubectl-wild/args.go:532.3,532.74 1 0
github.com/a13x22/kubectl-wild/args.go:532.74,534.25 2 0
github.com/a13x22/kubectl-wild/args.go:534.25,535.84 1 0
github.com/a13x22/kubectl-wild/args.go:535.84,537.6 1 0
github.com/a13x22/kubectl-wild/args.go:537.11,539.6 1 0
github.com/a13x22/kubectl-wild/args.go:540.5,543.13 3 0
github.com/a13x22/kubectl-wild/args.go:546.4,548.12 3 0
github.com/a13x22/kubectl-wild/args.go:552.3,553.47 2 0
github.com/a13x22/kubectl-wild/args.go:556.2,556.23 1 1
github.com/a13x22/kubectl-wild/args.go:556.23,557.20 1 1
github.com/a13x22/kubectl-wild/args.go:558.18,559.30 1 1
github.com/a13x22/kubectl-wild/args.go:559.30,561.5 1 0
github.com/a13x22/kubectl-wild/args.go:562.19,563.30 1 0
github.com/a13x22/kubectl-wild/args.go:563.30,565.5 1 0
github.com/a13x22/kubectl-wild/args.go:566.22,567.30 1 0
github.com/a13x22/kubectl-wild/args.go:567.30,569.5 1 0
github.com/a13x22/kubectl-wild/args.go:570.19,571.30 1 0
github.com/a13x22/kubectl-wild/args.go:571.30,573.5 1 0
github.com/a13x22/kubectl-wild/args.go:577.2,577.48 1 1
github.com/a13x22/kubectl-wild/args.go:577.48,580.3 1 1
github.com/a13x22/kubectl-wild/args.go:581.2,582.18 2 1
github.com/a13x22/kubectl-wild/args.go:585.41,586.23 1 1
github.com/a13x22/kubectl-wild/args.go:586.23,587.13 1 1
github.com/a13x22/kubectl-wild/args.go:587.13,589.4 1 1
github.com/a13x22/kubectl-wild/args.go:591.2,591.11 1 1
github.com/a13x22/kubectl-wild/args.go:596.34,598.2 1 1
github.com/a13x22/kubectl-wild/args.go:602.38,605.36 3 1
github.com/a13x22/kubectl-wild/args.go:605.36,607.18 2 1
github.com/a13x22/kubectl-wild/args.go:608.18,609.32 1 1
github.com/a13x22/kubectl-wild/args.go:610.18,611.31 1 1
github.com/a13x22/kubectl-wild/args.go:612.74,614.27 2 0
github.com/a13x22/kubectl-wild/args.go:615.17,616.27 1 1
github.com/a13x22/kubectl-wild/args.go:619.5,620.22 2 1
github.com/a13x22/kubectl-wild/main.go:27.19,58.2 29 0
github.com/a13x22/kubectl-wild/main.go:60.13,62.20 2 0
github.com/a13x22/kubectl-wild/main.go:62.20,65.3 2 0
github.com/a13x22/kubectl-wild/main.go:67.2,67.65 1 0
github.com/a13x22/kubectl-wild/main.go:67.65,70.3 2 0
github.com/a13x22/kubectl-wild/main.go:72.2,72.71 1 0
github.com/a13x22/kubectl-wild/main.go:72.71,75.14 2 0
github.com/a13x22/kubectl-wild/main.go:75.14,77.4 1 0
github.com/a13x22/kubectl-wild/main.go:78.3,78.33 1 0
github.com/a13x22/kubectl-wild/main.go:78.33,80.4 1 0
github.com/a13x22/kubectl-wild/main.go:80.9,80.26 1 0
github.com/a13x22/kubectl-wild/main.go:80.26,82.4 1 0
github.com/a13x22/kubectl-wild/main.go:82.9,84.4 1 0
github.com/a13x22/kubectl-wild/main.go:85.3,85.9 1 0
github.com/a13x22/kubectl-wild/main.go:88.2,89.16 2 0
github.com/a13x22/kubectl-wild/main.go:89.16,92.3 2 0
github.com/a13x22/kubectl-wild/main.go:94.2,95.49 2 0
github.com/a13x22/kubectl-wild/main.go:95.49,98.3 2 0
github.com/a13x22/kubectl-wild/main.go:102.63,105.53 2 1
github.com/a13x22/kubectl-wild/main.go:105.53,106.94 1 1
github.com/a13x22/kubectl-wild/main.go:106.94,108.4 1 1
github.com/a13x22/kubectl-wild/main.go:109.3,109.26 1 1
github.com/a13x22/kubectl-wild/main.go:109.27,111.4 0 0
github.com/a13x22/kubectl-wild/main.go:113.2,116.32 4 1
github.com/a13x22/kubectl-wild/main.go:119.55,138.23 5 1
github.com/a13x22/kubectl-wild/main.go:138.23,140.23 1 0
github.com/a13x22/kubectl-wild/main.go:140.23,142.10 1 0
github.com/a13x22/kubectl-wild/main.go:143.9,143.48 1 0
github.com/a13x22/kubectl-wild/main.go:148.5,149.19 2 1
github.com/a13x22/kubectl-wild/main.go:149.19,152.141 1 1
github.com/a13x22/kubectl-wild/main.go:152.141,153.27 1 1
github.com/a13x22/kubectl-wild/main.go:153.27,155.14 1 0
github.com/a13x22/kubectl-wild/main.go:156.13,158.27 3 1
github.com/a13x22/kubectl-wild/main.go:158.27,160.14 1 0
github.com/a13x22/kubectl-wild/main.go:161.15,164.10 1 0
github.com/a13x22/kubectl-wild/main.go:166.2,166.16 1 1
github.com/a13x22/kubectl-wild/main.go:166.16,171.30 4 0
github.com/a13x22/kubectl-wild/main.go:171.30,173.27 2 0
github.com/a13x22/kubectl-wild/main.go:173.27,174.20 1 0
github.com/a13x22/kubectl-wild/main.go:174.20,176.11 2 0
github.com/a13x22/kubectl-wild/main.go:178.5,179.12 2 0
github.com/a13x22/kubectl-wild/main.go:185.2,186.37 2 1
github.com/a13x22/kubectl-wild/main.go:186.37,188.3 1 0
github.com/a13x22/kubectl-wild/main.go:189.2,190.43 2 1
github.com/a13x22/kubectl-wild/main.go:190.43,192.3 1 1
github.com/a13x22/kubectl-wild/main.go:193.2,194.48 2 1
github.com/a13x22/kubectl-wild/main.go:194.48,196.3 1 1
github.com/a13x22/kubectl-wild/main.go:198.2,199.39 2 1
github.com/a13x22/kubectl-wild/main.go:199.39,201.3 1 0
github.com/a13x22/kubectl-wild/main.go:203.2,205.29 3 1
github.com/a13x22/kubectl-wild/main.go:205.29,207.40 2 1
github.com/a13x22/kubectl-wild/main.go:207.40,208.23 1 1
github.com/a13x22/kubectl-wild/main.go:208.23,210.5 1 0
github.com/a13x22/kubectl-wild/main.go:210.10,212.5 1 1
github.com/a13x22/kubectl-wild/main.go:214.3,215.40 2 1
github.com/a13x22/kubectl-wild/main.go:215.40,216.23 1 0
github.com/a13x22/kubectl-wild/main.go:216.23,218.5 1 0
github.com/a13x22/kubectl-wild/main.go:218.10,220.5 1 0
github.com/a13x22/kubectl-wild/main.go:224.2,225.39 2 1
github.com/a13x22/kubectl-wild/main.go:225.39,227.28 2 1
github.com/a13x22/kubectl-wild/main.go:227.28,229.4 1 1
github.com/a13x22/kubectl-wild/main.go:231.2,232.44 2 1
github.com/a13x22/kubectl-wild/main.go:232.44,234.28 2 1
github.com/a13x22/kubectl-wild/main.go:234.28,236.4 1 0
github.com/a13x22/kubectl-wild/main.go:238.2,255.25 3 1
github.com/a13x22/kubectl-wild/main.go:255.25,258.41 2 1
github.com/a13x22/kubectl-wild/main.go:258.41,262.4 2 0
github.com/a13x22/kubectl-wild/main.go:263.3,263.139 1 1
github.com/a13x22/kubectl-wild/main.go:263.139,265.50 1 1
github.com/a13x22/kubectl-wild/main.go:265.50,267.51 2 1
github.com/a13x22/kubectl-wild/main.go:267.51,268.14 1 1
github.com/a13x22/kubectl-wild/main.go:270.5,270.55 1 1
github.com/a13x22/kubectl-wild/main.go:270.55,271.14 1 0
github.com/a13x22/kubectl-wild/main.go:275.4,275.83 1 1
github.com/a13x22/kubectl-wild/main.go:275.83,276.79 1 1
github.com/a13x22/kubectl-wild/main.go:276.79,277.14 1 1
github.com/a13x22/kubectl-wild/main.go:281.4,281.60 1 1
github.com/a13x22/kubectl-wild/main.go:281.60,283.40 2 1
github.com/a13x22/kubectl-wild/main.go:283.40,285.16 2 1
github.com/a13x22/kubectl-wild/main.go:286.66,288.43 1 1
github.com/a13x22/kubectl-wild/main.go:288.43,289.27 1 1
github.com/a13x22/kubectl-wild/main.go:289.27,292.45 2 1
github.com/a13x22/kubectl-wild/main.go:292.45,293.91 1 1
github.com/a13x22/kubectl-wild/main.go:293.91,294.19 1 1
github.com/a13x22/kubectl-wild/main.go:296.10,297.15 2 1
github.com/a13x22/kubectl-wild/main.go:299.9,299.19 1 1
github.com/a13x22/kubectl-wild/main.go:299.19,301.10 1 1
github.com/a13x22/kubectl-wild/main.go:302.14,304.9 1 0
github.com/a13x22/kubectl-wild/main.go:306.14,308.43 1 1
github.com/a13x22/kubectl-wild/main.go:308.43,309.40 1 1
github.com/a13x22/kubectl-wild/main.go:309.40,311.14 2 1
github.com/a13x22/kubectl-wild/main.go:315.6,315.20 1 1
github.com/a13x22/kubectl-wild/main.go:315.20,316.12 1 1
github.com/a13x22/kubectl-wild/main.go:319.5,319.20 1 1
github.com/a13x22/kubectl-wild/main.go:319.20,320.14 1 1
github.com/a13x22/kubectl-wild/main.go:324.4,324.57 1 1
github.com/a13x22/kubectl-wild/main.go:324.57,325.59 1 1
github.com/a13x22/kubectl-wild/main.go:325.59,326.14 1 1
github.com/a13x22/kubectl-wild/main.go:330.4,330.58 1 1
github.com/a13x22/kubectl-wild/main.go:330.58,331.34 1 0
github.com/a13x22/kubectl-wild/main.go:331.34,332.14 1 0
github.com/a13x22/kubectl-wild/main.go:336.4,336.62 1 1
github.com/a13x22/kubectl-wild/main.go:336.62,337.66 1 1
github.com/a13x22/kubectl-wild/main.go:337.66,338.14 1 1
github.com/a13x22/kubectl-wild/main.go:341.4,341.49 1 1
github.com/a13x22/kubectl-wild/main.go:341.49,344.23 2 1
github.com/a13x22/kubectl-wild/main.go:344.23,345.42 1 1
github.com/a13x22/kubectl-wild/main.go:345.42,346.88 1 1
github.com/a13x22/kubectl-wild/main.go:346.88,347.16 1 1
github.com/a13x22/kubectl-wild/main.go:349.7,350.12 2 1
github.com/a13x22/kubectl-wild/main.go:353.5,354.38 2 1
github.com/a13x22/kubectl-wild/main.go:354.38,355.14 1 1
github.com/a13x22/kubectl-wild/main.go:358.4,358.90 1 1
github.com/a13x22/kubectl-wild/main.go:361.2,361.16 1 1
github.com/a13x22/kubectl-wild/main.go:361.16,363.29 2 0
github.com/a13x22/kubectl-wild/main.go:363.29,364.15 1 0
github.com/a13x22/kubectl-wild/main.go:364.15,366.10 2 0
github.com/a13x22/kubectl-wild/main.go:368.4,368.64 1 0
github.com/a13x22/kubectl-wild/main.go:371.2,371.23 1 1
github.com/a13x22/kubectl-wild/main.go:371.23,374.3 2 1
github.com/a13x22/kubectl-wild/main.go:376.2,376.19 1 1
github.com/a13x22/kubectl-wild/main.go:377.15,380.30 1 1
github.com/a13x22/kubectl-wild/main.go:380.30,381.27 1 1
github.com/a13x22/kubectl-wild/main.go:381.27,383.5 1 0
github.com/a13x22/kubectl-wild/main.go:384.4,384.95 1 1
github.com/a13x22/kubectl-wild/main.go:384.95,386.5 1 1
github.com/a13x22/kubectl-wild/main.go:388.3,388.55 1 1
github.com/a13x22/kubectl-wild/main.go:389.20,390.60 1 1
github.com/a13x22/kubectl-wild/main.go:391.15,392.43 1 1
github.com/a13x22/kubectl-wild/main.go:393.18,395.85 1 1
github.com/a13x22/kubectl-wild/main.go:395.85,398.4 2 1
github.com/a13x22/kubectl-wild/main.go:399.3,399.32 1 1
github.com/a13x22/kubectl-wild/main.go:399.32,401.47 2 0
github.com/a13x22/kubectl-wild/main.go:401.47,403.5 1 0
github.com/a13x22/kubectl-wild/main.go:404.4,404.30 1 0
github.com/a13x22/kubectl-wild/main.go:404.30,405.65 1 0
github.com/a13x22/kubectl-wild/main.go:405.65,407.6 1 0
github.com/a13x22/kubectl-wild/main.go:408.10,410.5 1 0
github.com/a13x22/kubectl-wild/main.go:411.4,412.18 2 0
github.com/a13x22/kubectl-wild/main.go:412.18,414.5 1 0
github.com/a13x22/kubectl-wild/main.go:415.4,415.18 1 0
github.com/a13x22/kubectl-wild/main.go:415.18,418.5 2 0
github.com/a13x22/kubectl-wild/main.go:420.3,420.18 1 1
github.com/a13x22/kubectl-wild/main.go:420.18,422.26 2 1
github.com/a13x22/kubectl-wild/main.go:422.26,423.31 1 0
github.com/a13x22/kubectl-wild/main.go:423.31,425.6 1 0
github.com/a13x22/kubectl-wild/main.go:426.10,427.31 1 1
github.com/a13x22/kubectl-wild/main.go:427.31,429.6 1 1
github.com/a13x22/kubectl-wild/main.go:431.4,432.14 2 1
github.com/a13x22/kubectl-wild/main.go:435.3,435.24 1 0
github.com/a13x22/kubectl-wild/main.go:435.24,437.4 1 0
github.com/a13x22/kubectl-wild/main.go:438.3,438.58 1 0
github.com/a13x22/kubectl-wild/main.go:439.10,440.55 1 0
github.com/a13x22/kubectl-wild/main.go:444.107,445.74 1 1
github.com/a13x22/kubectl-wild/main.go:445.74,447.3 1 0
github.com/a13x22/kubectl-wild/main.go:448.2,448.30 1 1
github.com/a13x22/kubectl-wild/main.go:448.30,449.16 1 1
github.com/a13x22/kubectl-wild/main.go:449.16,451.4 1 1
github.com/a13x22/kubectl-wild/main.go:453.2,453.31 1 1
github.com/a13x22/kubectl-wild/main.go:453.31,454.33 1 1
github.com/a13x22/kubectl-wild/main.go:454.33,456.4 1 1
github.com/a13x22/kubectl-wild/main.go:458.2,458.33 1 1
github.com/a13x22/kubectl-wild/main.go:458.33,459.27 1 1
github.com/a13x22/kubectl-wild/main.go:459.27,461.4 1 1
github.com/a13x22/kubectl-wild/main.go:463.2,463.14 1 1
github.com/a13x22/kubectl-wild/main.go:466.48,470.68 3 1
github.com/a13x22/kubectl-wild/main.go:470.68,473.3 2 1
github.com/a13x22/kubectl-wild/main.go:473.8,473.105 1 1
github.com/a13x22/kubectl-wild/main.go:473.105,476.3 2 1
github.com/a13x22/kubectl-wild/main.go:476.8,478.3 1 1
github.com/a13x22/kubectl-wild/main.go:479.2,480.35 2 1
github.com/a13x22/kubectl-wild/main.go:480.35,482.25 2 1
github.com/a13x22/kubectl-wild/main.go:482.25,484.4 1 1
github.com/a13x22/kubectl-wild/main.go:485.3,485.24 1 1
github.com/a13x22/kubectl-wild/main.go:487.2,487.12 1 1
github.com/a13x22/kubectl-wild/main.go:488.11,489.17 1 1
github.com/a13x22/kubectl-wild/main.go:490.12,491.18 1 1
github.com/a13x22/kubectl-wild/main.go:492.11,493.17 1 1
github.com/a13x22/kubectl-wild/main.go:494.12,495.18 1 1
github.com/a13x22/kubectl-wild/main.go:496.11,497.18 1 1
github.com/a13x22/kubectl-wild/main.go:498.10,499.15 1 0
github.com/a13x22/kubectl-wild/main.go:503.71,504.21 1 1
github.com/a13x22/kubectl-wild/main.go:504.21,505.32 1 1
github.com/a13x22/kubectl-wild/main.go:505.32,507.38 2 1
github.com/a13x22/kubectl-wild/main.go:507.38,508.38 1 1
github.com/a13x22/kubectl-wild/main.go:508.38,510.11 2 1
github.com/a13x22/kubectl-wild/main.go:513.4,513.16 1 1
github.com/a13x22/kubectl-wild/main.go:513.16,515.5 1 1
github.com/a13x22/kubectl-wild/main.go:517.3,517.14 1 1
github.com/a13x22/kubectl-wild/main.go:519.2,520.31 2 1
github.com/a13x22/kubectl-wild/main.go:520.31,522.29 2 1
github.com/a13x22/kubectl-wild/main.go:522.29,523.37 1 1
github.com/a13x22/kubectl-wild/main.go:523.37,525.10 2 1
github.com/a13x22/kubectl-wild/main.go:528.3,528.15 1 1
github.com/a13x22/kubectl-wild/main.go:528.15,530.4 1 1
github.com/a13x22/kubectl-wild/main.go:532.2,532.13 1 1
github.com/a13x22/kubectl-wild/main.go:535.47,540.16 4 0
github.com/a13x22/kubectl-wild/main.go:540.16,542.3 1 0
github.com/a13x22/kubectl-wild/main.go:543.2,544.57 2 0
github.com/a13x22/kubectl-wild/main.go:544.57,546.3 1 0
github.com/a13x22/kubectl-wild/main.go:547.2,547.19 1 0
github.com/a13x22/kubectl-wild/main.go:550.49,554.34 3 1
github.com/a13x22/kubectl-wild/main.go:554.34,555.15 1 1
github.com/a13x22/kubectl-wild/main.go:555.15,557.12 2 1
github.com/a13x22/kubectl-wild/main.go:559.3,560.35 2 1
github.com/a13x22/kubectl-wild/main.go:560.35,562.63 1 1
github.com/a13x22/kubectl-wild/main.go:562.63,564.5 1 1
github.com/a13x22/kubectl-wild/main.go:565.4,565.12 1 1
github.com/a13x22/kubectl-wild/main.go:567.3,567.71 1 1
github.com/a13x22/kubectl-wild/main.go:567.71,568.12 1 1
github.com/a13x22/kubectl-wild/main.go:570.3,570.33 1 1
github.com/a13x22/kubectl-wild/main.go:572.2,572.17 1 1
github.com/a13x22/kubectl-wild/main.go:575.54,577.34 2 1
github.com/a13x22/kubectl-wild/main.go:577.34,579.43 2 1
github.com/a13x22/kubectl-wild/main.go:579.43,580.12 1 1
github.com/a13x22/kubectl-wild/main.go:582.3,582.23 1 1
github.com/a13x22/kubectl-wild/main.go:584.2,584.12 1 1
github.com/a13x22/kubectl-wild/main.go:587.50,590.34 3 1
github.com/a13x22/kubectl-wild/main.go:590.34,591.15 1 1
github.com/a13x22/kubectl-wild/main.go:591.15,593.12 2 1
github.com/a13x22/kubectl-wild/main.go:595.3,596.38 2 1
github.com/a13x22/kubectl-wild/main.go:596.38,597.63 1 1
github.com/a13x22/kubectl-wild/main.go:597.63,599.5 1 1
github.com/a13x22/kubectl-wild/main.go:600.4,600.12 1 1
github.com/a13x22/kubectl-wild/main.go:602.3,602.23 1 1
github.com/a13x22/kubectl-wild/main.go:604.2,604.12 1 1
github.com/a13x22/kubectl-wild/main.go:608.77,612.23 3 1
github.com/a13x22/kubectl-wild/main.go:613.27,614.25 1 1
github.com/a13x22/kubectl-wild/main.go:615.29,616.26 1 1
github.com/a13x22/kubectl-wild/main.go:617.10,618.88 1 1
github.com/a13x22/kubectl-wild/main.go:622.2,623.28 2 1
github.com/a13x22/kubectl-wild/main.go:623.28,625.3 1 1
github.com/a13x22/kubectl-wild/main.go:627.2,632.29 2 1
github.com/a13x22/kubectl-wild/main.go:632.29,633.25 1 1
github.com/a13x22/kubectl-wild/main.go:633.25,637.4 2 0
github.com/a13x22/kubectl-wild/main.go:637.9,637.34 1 1
github.com/a13x22/kubectl-wild/main.go:637.34,641.25 2 1
github.com/a13x22/kubectl-wild/main.go:641.25,643.5 1 1
github.com/a13x22/kubectl-wild/main.go:647.2,647.30 1 1
github.com/a13x22/kubectl-wild/main.go:647.30,650.3 1 1
github.com/a13x22/kubectl-wild/main.go:654.2,655.15 2 1
github.com/a13x22/kubectl-wild/main.go:655.15,657.3 1 1
github.com/a13x22/kubectl-wild/main.go:658.2,658.15 1 1
github.com/a13x22/kubectl-wild/main.go:658.15,660.3 1 1
github.com/a13x22/kubectl-wild/main.go:661.2,662.17 2 1
github.com/a13x22/kubectl-wild/main.go:662.17,665.3 1 0
github.com/a13x22/kubectl-wild/main.go:665.8,667.3 1 1
github.com/a13x22/kubectl-wild/main.go:668.2,671.32 4 1
github.com/a13x22/kubectl-wild/main.go:674.95,675.25 1 1
github.com/a13x22/kubectl-wild/main.go:675.25,678.27 2 1
github.com/a13x22/kubectl-wild/main.go:678.27,680.4 1 1
github.com/a13x22/kubectl-wild/main.go:681.3,682.29 2 1
github.com/a13x22/kubectl-wild/main.go:682.29,684.4 1 1
github.com/a13x22/kubectl-wild/main.go:685.3,685.110 1 1
github.com/a13x22/kubectl-wild/main.go:688.5,689.22 2 1
github.com/a13x22/kubectl-wild/main.go:689.22,692.6 1 1
github.com/a13x22/kubectl-wild/main.go:694.5,694.98 1 1
github.com/a13x22/kubectl-wild/main.go:694.98,696.35 2 1
github.com/a13x22/kubectl-wild/main.go:696.35,698.10 1 1
github.com/a13x22/kubectl-wild/main.go:699.9,699.114 1 1
github.com/a13x22/kubectl-wild/main.go:701.2,702.28 2 0
github.com/a13x22/kubectl-wild/main.go:702.28,704.3 1 0
github.com/a13x22/kubectl-wild/main.go:705.2,706.35 2 0
github.com/a13x22/kubectl-wild/main.go:706.35,708.132 2 0
github.com/a13x22/kubectl-wild/main.go:708.132,710.4 1 0
github.com/a13x22/kubectl-wild/main.go:711.3,711.20 1 0
github.com/a13x22/kubectl-wild/main.go:711.20,713.4 1 0
github.com/a13x22/kubectl-wild/main.go:715.2,715.12 1 0
github.com/a13x22/kubectl-wild/main.go:718.164,720.20 1 1
github.com/a13x22/kubectl-wild/main.go:720.20,722.21 2 1
github.com/a13x22/kubectl-wild/main.go:722.21,724.4 1 0
github.com/a13x22/kubectl-wild/main.go:726.2,726.47 1 1
github.com/a13x22/kubectl-wild/main.go:726.47,728.23 2 1
github.com/a13x22/kubectl-wild/main.go:728.23,730.4 1 1
github.com/a13x22/kubectl-wild/main.go:731.3,733.21 2 1
github.com/a13x22/kubectl-wild/main.go:733.21,734.31 1 1
github.com/a13x22/kubectl-wild/main.go:734.31,738.51 4 1
github.com/a13x22/kubectl-wild/main.go:738.51,740.6 1 0
github.com/a13x22/kubectl-wild/main.go:742.4,742.12 1 1
github.com/a13x22/kubectl-wild/main.go:744.3,748.54 4 1
github.com/a13x22/kubectl-wild/main.go:748.54,750.4 1 1
github.com/a13x22/kubectl-wild/main.go:751.3,753.49 3 1
github.com/a13x22/kubectl-wild/main.go:753.49,755.4 1 0
github.com/a13x22/kubectl-wild/main.go:757.2,757.12 1 1
github.com/a13x22/kubectl-wild/main.go:760.55,761.26 1 1
github.com/a13x22/kubectl-wild/main.go:761.26,762.43 1 1
github.com/a13x22/kubectl-wild/main.go:762.43,764.4 1 1
github.com/a13x22/kubectl-wild/main.go:766.2,766.28 1 1
github.com/a13x22/kubectl-wild/main.go:771.89,773.98 1 1
github.com/a13x22/kubectl-wild/main.go:773.98,776.35 3 1
github.com/a13x22/kubectl-wild/main.go:776.35,778.10 1 1
github.com/a13x22/kubectl-wild/main.go:779.9,779.115 1 1
github.com/a13x22/kubectl-wild/main.go:782.5,784.77 3 1
github.com/a13x22/kubectl-wild/main.go:789.118,792.28 2 1
github.com/a13x22/kubectl-wild/main.go:792.28,793.24 1 1
github.com/a13x22/kubectl-wild/main.go:793.24,795.4 1 1
github.com/a13x22/kubectl-wild/main.go:796.3,796.28 1 1
github.com/a13x22/kubectl-wild/main.go:799.2,801.16 3 1
github.com/a13x22/kubectl-wild/main.go:801.16,802.22 1 0
github.com/a13x22/kubectl-wild/main.go:802.22,804.4 1 0
github.com/a13x22/kubectl-wild/main.go:805.3,805.13 1 0
github.com/a13x22/kubectl-wild/main.go:807.2,817.49 4 1
github.com/a13x22/kubectl-wild/main.go:817.49,819.3 1 0
github.com/a13x22/kubectl-wild/main.go:820.2,821.32 2 1
github.com/a13x22/kubectl-wild/main.go:821.32,823.51 2 1
github.com/a13x22/kubectl-wild/main.go:823.51,824.12 1 0
github.com/a13x22/kubectl-wild/main.go:826.3,826.52 1 1
github.com/a13x22/kubectl-wild/main.go:826.52,828.4 1 1
github.com/a13x22/kubectl-wild/main.go:830.2,836.16 3 1
github.com/a13x22/kubectl-wild/main.go:836.16,838.3 1 0
github.com/a13x22/kubectl-wild/main.go:840.2,841.16 2 1
github.com/a13x22/kubectl-wild/main.go:841.16,843.3 1 0
github.com/a13x22/kubectl-wild/main.go:844.2,845.46 2 1
github.com/a13x22/kubectl-wild/main.go:845.46,848.3 2 0
github.com/a13x22/kubectl-wild/main.go:849.2,849.36 1 1
github.com/a13x22/kubectl-wild/main.go:849.36,851.3 1 0
github.com/a13x22/kubectl-wild/main.go:852.2,855.36 4 1
github.com/a13x22/kubectl-wild/main.go:858.56,859.13 1 1
github.com/a13x22/kubectl-wild/main.go:859.13,861.3 1 1
github.com/a13x22/kubectl-wild/main.go:862.2,862.9 1 1
github.com/a13x22/kubectl-wild/main.go:862.9,864.3 1 1
github.com/a13x22/kubectl-wild/main.go:865.2,865.10 1 0
github.com/a13x22/kubectl-wild/main.go:868.53,869.34 1 1
github.com/a13x22/kubectl-wild/main.go:869.34,870.23 1 1
github.com/a13x22/kubectl-wild/main.go:870.23,872.4 1 1
github.com/a13x22/kubectl-wild/main.go:874.2,874.14 1 1
github.com/a13x22/kubectl-wild/main.go:877.65,878.26 1 1
github.com/a13x22/kubectl-wild/main.go:878.26,879.35 1 1
github.com/a13x22/kubectl-wild/main.go:879.35,881.4 1 1
github.com/a13x22/kubectl-wild/main.go:883.2,883.14 1 1
github.com/a13x22/kubectl-wild/main.go:886.39,890.32 3 1
github.com/a13x22/kubectl-wild/main.go:890.32,892.3 1 1
github.com/a13x22/kubectl-wild/main.go:893.2,894.38 2 1
github.com/a13x22/kubectl-wild/main.go:897.75,900.28 3 1
github.com/a13x22/kubectl-wild/main.go:900.28,901.22 1 1
github.com/a13x22/kubectl-wild/main.go:901.22,902.12 1 0
github.com/a13x22/kubectl-wild/main.go:904.3,905.32 2 1
github.com/a13x22/kubectl-wild/main.go:908.2,909.33 2 1
github.com/a13x22/kubectl-wild/main.go:909.33,911.22 2 1
github.com/a13x22/kubectl-wild/main.go:911.22,913.4 1 0
github.com/a13x22/kubectl-wild/main.go:914.3,914.43 1 1
github.com/a13x22/kubectl-wild/main.go:914.43,917.4 2 0
github.com/a13x22/kubectl-wild/main.go:917.9,919.4 1 1
github.com/a13x22/kubectl-wild/main.go:921.2,921.57 1 1
github.com/a13x22/kubectl-wild/main.go:924.59,927.28 2 0
github.com/a13x22/kubectl-wild/main.go:927.28,929.15 2 0
github.com/a13x22/kubectl-wild/main.go:929.15,931.4 1 0
github.com/a13x22/kubectl-wild/main.go:932.3,932.15 1 0
github.com/a13x22/kubectl-wild/main.go:932.15,934.4 1 0
github.com/a13x22/kubectl-wild/main.go:935.3,936.25 2 0
github.com/a13x22/kubectl-wild/main.go:936.25,938.4 1 0
github.com/a13x22/kubectl-wild/main.go:938.9,940.4 1 0
github.com/a13x22/kubectl-wild/main.go:941.3,941.51 1 0
github.com/a13x22/kubectl-wild/main.go:945.81,947.24 1 0
github.com/a13x22/kubectl-wild/main.go:947.24,949.3 1 0
github.com/a13x22/kubectl-wild/main.go:951.2,952.26 2 0
github.com/a13x22/kubectl-wild/main.go:952.26,954.3 1 0
github.com/a13x22/kubectl-wild/main.go:955.2,956.28 2 0
github.com/a13x22/kubectl-wild/main.go:956.28,958.3 1 0
github.com/a13x22/kubectl-wild/main.go:959.2,959.108 1 0
github.com/a13x22/kubectl-wild/match.go:66.67,68.39 2 1
github.com/a13x22/kubectl-wild/match.go:68.39,70.3 1 0
github.com/a13x22/kubectl-wild/match.go:71.2,71.71 1 1
github.com/a13x22/kubectl-wild/match.go:74.59,75.17 1 1
github.com/a13x22/kubectl-wild/match.go:76.17,78.12 2 1
github.com/a13x22/kubectl-wild/match.go:79.19,80.46 1 1
github.com/a13x22/kubectl-wild/match.go:81.21,82.45 1 1
github.com/a13x22/kubectl-wild/match.go:83.18,84.30 1 1
github.com/a13x22/kubectl-wild/match.go:84.30,86.4 1 1
github.com/a13x22/kubectl-wild/match.go:88.3,89.31 2 1
github.com/a13x22/kubectl-wild/match.go:90.10,92.12 2 1
github.com/a13x22/kubectl-wild/match.go:97.63,98.30 1 1
github.com/a13x22/kubectl-wild/match.go:98.30,100.32 1 1
github.com/a13x22/kubectl-wild/match.go:100.32,102.4 1 1
github.com/a13x22/kubectl-wild/match.go:105.2,106.36 2 1
github.com/a13x22/kubectl-wild/match.go:106.36,108.3 1 1
github.com/a13x22/kubectl-wild/match.go:109.2,109.30 1 1
github.com/a13x22/kubectl-wild/match.go:109.30,111.10 2 1
github.com/a13x22/kubectl-wild/match.go:111.10,113.4 1 0
github.com/a13x22/kubectl-wild/match.go:114.3,115.25 2 1
github.com/a13x22/kubectl-wild/match.go:115.25,116.33 1 1
github.com/a13x22/kubectl-wild/match.go:116.33,118.10 2 1
github.com/a13x22/kubectl-wild/match.go:121.3,121.18 1 1
github.com/a13x22/kubectl-wild/match.go:121.18,123.4 1 1
github.com/a13x22/kubectl-wild/match.go:126.2,126.37 1 1
github.com/a13x22/kubectl-wild/match.go:126.37,128.25 2 1
github.com/a13x22/kubectl-wild/match.go:128.25,129.25 1 1
github.com/a13x22/kubectl-wild/match.go:129.25,131.10 2 1
github.com/a13x22/kubectl-wild/match.go:134.3,134.13 1 1
github.com/a13x22/kubectl-wild/match.go:134.13,136.4 1 1
github.com/a13x22/kubectl-wild/match.go:138.2,138.13 1 1
github.com/a13x22/kubectl-wild/match.go:143.73,144.35 1 1
github.com/a13x22/kubectl-wild/match.go:144.35,146.37 1 1
github.com/a13x22/kubectl-wild/match.go:146.37,148.4 1 1
github.com/a13x22/kubectl-wild/match.go:151.2,152.41 2 1
github.com/a13x22/kubectl-wild/match.go:152.41,154.3 1 1
github.com/a13x22/kubectl-wild/match.go:155.2,155.30 1 1
github.com/a13x22/kubectl-wild/match.go:155.30,157.10 2 1
github.com/a13x22/kubectl-wild/match.go:157.10,159.4 1 0
github.com/a13x22/kubectl-wild/match.go:160.3,161.25 2 1
github.com/a13x22/kubectl-wild/match.go:161.25,162.33 1 1
github.com/a13x22/kubectl-wild/match.go:162.33,164.10 2 1
github.com/a13x22/kubectl-wild/match.go:167.3,167.18 1 1
github.com/a13x22/kubectl-wild/match.go:167.18,169.4 1 0
github.com/a13x22/kubectl-wild/match.go:172.2,172.42 1 1
github.com/a13x22/kubectl-wild/match.go:172.42,174.30 2 1
github.com/a13x22/kubectl-wild/match.go:174.30,175.25 1 1
github.com/a13x22/kubectl-wild/match.go:175.25,177.10 2 1
github.com/a13x22/kubectl-wild/match.go:180.3,180.13 1 1
github.com/a13x22/kubectl-wild/match.go:180.13,182.4 1 1
github.com/a13x22/kubectl-wild/match.go:184.2,184.13 1 1
github.com/a13x22/kubectl-wild/match.go:187.44,189.18 2 1
github.com/a13x22/kubectl-wild/match.go:189.18,191.3 1 1
github.com/a13x22/kubectl-wild/match.go:194.2,194.25 1 1
github.com/a13x22/kubectl-wild/match.go:194.25,196.34 2 1
github.com/a13x22/kubectl-wild/match.go:196.34,197.87 1 1
github.com/a13x22/kubectl-wild/match.go:197.87,199.43 1 1
github.com/a13x22/kubectl-wild/match.go:199.43,201.11 2 1
github.com/a13x22/kubectl-wild/match.go:203.10,204.82 1 1
github.com/a13x22/kubectl-wild/match.go:204.82,206.11 2 1
github.com/a13x22/kubectl-wild/match.go:210.3,210.15 1 1
github.com/a13x22/kubectl-wild/match.go:210.15,212.4 1 1
github.com/a13x22/kubectl-wild/match.go:216.2,216.33 1 1
github.com/a13x22/kubectl-wild/match.go:216.33,217.86 1 1
github.com/a13x22/kubectl-wild/match.go:217.86,219.42 1 0
github.com/a13x22/kubectl-wild/match.go:219.42,221.5 1 0
github.com/a13x22/kubectl-wild/match.go:222.9,223.81 1 1
github.com/a13x22/kubectl-wild/match.go:223.81,225.5 1 1
github.com/a13x22/kubectl-wild/match.go:228.2,228.13 1 1
github.com/a13x22/kubectl-wild/match.go:231.51,233.72 1 1
github.com/a13x22/kubectl-wild/match.go:233.72,235.3 1 1
github.com/a13x22/kubectl-wild/match.go:236.2,236.30 1 1
github.com/a13x22/kubectl-wild/match.go:236.30,237.14 1 1
github.com/a13x22/kubectl-wild/match.go:237.14,239.4 1 1
github.com/a13x22/kubectl-wild/match.go:241.2,241.31 1 1
github.com/a13x22/kubectl-wild/match.go:241.31,242.31 1 1
github.com/a13x22/kubectl-wild/match.go:242.31,244.4 1 1
github.com/a13x22/kubectl-wild/match.go:246.2,246.31 1 1
github.com/a13x22/kubectl-wild/match.go:246.31,247.25 1 1
github.com/a13x22/kubectl-wild/match.go:247.25,249.4 1 1
github.com/a13x22/kubectl-wild/match.go:251.2,251.14 1 1
github.com/a13x22/kubectl-wild/match.go:254.87,256.16 2 1
github.com/a13x22/kubectl-wild/match.go:256.16,258.3 1 1
github.com/a13x22/kubectl-wild/match.go:259.2,259.14 1 1
github.com/a13x22/kubectl-wild/match.go:260.17,262.12 2 1
github.com/a13x22/kubectl-wild/match.go:263.18,267.17 1 1
github.com/a13x22/kubectl-wild/match.go:267.17,270.4 2 1
github.com/a13x22/kubectl-wild/match.go:271.3,272.32 2 1
github.com/a13x22/kubectl-wild/match.go:273.21,274.37 1 1
github.com/a13x22/kubectl-wild/match.go:275.18,276.55 1 1
github.com/a13x22/kubectl-wild/match.go:277.10,279.12 2 1
github.com/a13x22/kubectl-wild/match.go:283.109,284.24 1 1
github.com/a13x22/kubectl-wild/match.go:284.24,286.3 1 1
github.com/a13x22/kubectl-wild/match.go:287.2,287.15 1 1
github.com/a13x22/kubectl-wild/match.go:287.15,289.3 1 0
github.com/a13x22/kubectl-wild/match.go:290.2,290.57 1 1
github.com/a13x22/kubectl-wild/match.go:296.83,297.19 1 1
github.com/a13x22/kubectl-wild/match.go:297.19,299.3 1 0
github.com/a13x22/kubectl-wild/match.go:300.2,302.16 3 1
github.com/a13x22/kubectl-wild/match.go:302.16,305.3 2 0
github.com/a13x22/kubectl-wild/match.go:306.2,306.31 1 1
github.com/a13x22/kubectl-wild/match.go:306.31,308.3 1 1
github.com/a13x22/kubectl-wild/match.go:310.2,310.30 1 1
github.com/a13x22/kubectl-wild/match.go:310.30,310.73 1 1
github.com/a13x22/kubectl-wild/match.go:311.2,312.21 2 1
github.com/a13x22/kubectl-wild/match.go:312.21,315.30 2 1
github.com/a13x22/kubectl-wild/match.go:315.30,316.14 1 1
github.com/a13x22/kubectl-wild/match.go:316.14,318.5 1 1
github.com/a13x22/kubectl-wild/match.go:318.10,320.5 1 1
github.com/a13x22/kubectl-wild/match.go:321.4,321.42 1 1
github.com/a13x22/kubectl-wild/match.go:321.42,323.5 1 1
github.com/a13x22/kubectl-wild/match.go:324.4,324.35 1 1
github.com/a13x22/kubectl-wild/match.go:324.35,326.5 1 0
github.com/a13x22/kubectl-wild/match.go:331.2,331.14 1 1
github.com/a13x22/kubectl-wild/match.go:336.35,337.12 1 1
github.com/a13x22/kubectl-wild/match.go:337.12,339.3 1 0
github.com/a13x22/kubectl-wild/match.go:340.2,341.13 2 1
github.com/a13x22/kubectl-wild/match.go:341.13,343.3 1 0
github.com/a13x22/kubectl-wild/match.go:344.2,344.13 1 1
github.com/a13x22/kubectl-wild/match.go:344.13,346.3 1 0
github.com/a13x22/kubectl-wild/match.go:348.2,350.27 3 1
github.com/a13x22/kubectl-wild/match.go:350.27,352.3 1 1
github.com/a13x22/kubectl-wild/match.go:353.2,353.27 1 1
github.com/a13x22/kubectl-wild/match.go:353.27,356.28 3 1
github.com/a13x22/kubectl-wild/match.go:356.28,358.20 2 1
github.com/a13x22/kubectl-wild/match.go:358.20,360.5 1 1
github.com/a13x22/kubectl-wild/match.go:361.4,364.33 4 1
github.com/a13x22/kubectl-wild/match.go:366.3,366.26 1 1
github.com/a13x22/kubectl-wild/match.go:368.2,368.17 1 1
github.com/a13x22/kubectl-wild/match.go:371.28,372.11 1 1
github.com/a13x22/kubectl-wild/match.go:372.11,373.12 1 1
github.com/a13x22/kubectl-wild/match.go:373.12,375.4 1 1
github.com/a13x22/kubectl-wild/match.go:376.3,376.11 1 1
github.com/a13x22/kubectl-wild/match.go:378.2,378.11 1 1
github.com/a13x22/kubectl-wild/match.go:378.11,380.3 1 1
github.com/a13x22/kubectl-wild/match.go:381.2,381.10 1 1
github.com/a13x22/kubectl-wild/runner.go:21.26,22.48 1 0
github.com/a13x22/kubectl-wild/runner.go:22.48,24.6 1 0
github.com/a13x22/kubectl-wild/runner.go:25.5,25.43 1 0
github.com/a13x22/kubectl-wild/runner.go:25.43,27.6 1 0
github.com/a13x22/kubectl-wild/runner.go:28.5,28.21 1 0
github.com/a13x22/kubectl-wild/runner.go:31.51,37.2 5 0
github.com/a13x22/kubectl-wild/runner.go:39.73,46.2 6 0
github.com/a13x22/kubectl-wild/runner.go:53.28,56.2 2 1
github.com/a13x22/kubectl-wild/runner.go:61.73,62.67 1 1
github.com/a13x22/kubectl-wild/runner.go:62.67,64.6 1 1
github.com/a13x22/kubectl-wild/runner.go:66.5,66.51 1 1
github.com/a13x22/kubectl-wild/runner.go:66.51,69.36 3 1
github.com/a13x22/kubectl-wild/runner.go:69.36,71.27 2 1
github.com/a13x22/kubectl-wild/runner.go:71.27,72.25 1 1
github.com/a13x22/kubectl-wild/runner.go:74.13,74.28 1 1
github.com/a13x22/kubectl-wild/runner.go:74.28,76.14 1 1
github.com/a13x22/kubectl-wild/runner.go:77.13,77.49 1 1
github.com/a13x22/kubectl-wild/runner.go:77.49,79.14 1 0
github.com/a13x22/kubectl-wild/runner.go:80.13,80.49 1 1
github.com/a13x22/kubectl-wild/runner.go:80.49,82.14 1 0
github.com/a13x22/kubectl-wild/runner.go:84.9,84.21 1 1
github.com/a13x22/kubectl-wild/runner.go:87.5,88.53 2 1
github.com/a13x22/kubectl-wild/runner.go:88.53,91.6 2 1
github.com/a13x22/kubectl-wild/runner.go:93.5,94.55 2 1
github.com/a13x22/kubectl-wild/runner.go:94.55,97.6 2 1
github.com/a13x22/kubectl-wild/runner.go:99.5,99.19 1 1
github.com/a13x22/kubectl-wild/runner.go:99.19,102.6 2 0
github.com/a13x22/kubectl-wild/runner.go:103.5,103.20 1 1
github.com/a13x22/kubectl-wild/runner.go:103.20,106.6 2 0
github.com/a13x22/kubectl-wild/runner.go:107.5,108.21 2 1
github.com/a13x22/kubectl-wild/runner.go:114.79,116.51 2 1
github.com/a13x22/kubectl-wild/runner.go:116.51,118.6 1 1
github.com/a13x22/kubectl-wild/runner.go:120.5,120.37 1 1
github.com/a13x22/kubectl-wild/runner.go:120.37,121.118 1 1
github.com/a13x22/kubectl-wild/runner.go:121.118,123.37 2 1
github.com/a13x22/kubectl-wild/runner.go:123.37,124.50 1 1
github.com/a13x22/kubectl-wild/runner.go:124.50,127.18 2 1
github.com/a13x22/kubectl-wild/runner.go:133.5,134.19 2 1
github.com/a13x22/kubectl-wild/runner.go:134.19,138.6 2 0
github.com/a13x22/kubectl-wild/runner.go:139.5,142.30 3 1
github.com/a13x22/kubectl-wild/runner.go:142.30,143.79 1 1
github.com/a13x22/kubectl-wild/runner.go:143.79,145.18 2 1
github.com/a13x22/kubectl-wild/runner.go:148.5,150.41 3 1
github.com/a13x22/kubectl-wild/runner.go:150.41,152.54 2 1
github.com/a13x22/kubectl-wild/runner.go:152.54,153.21 1 0
github.com/a13x22/kubectl-wild/runner.go:155.9,156.28 2 1
github.com/a13x22/kubectl-wild/runner.go:156.28,157.21 1 0
github.com/a13x22/kubectl-wild/runner.go:160.9,161.34 2 1
github.com/a13x22/kubectl-wild/runner.go:161.34,162.44 1 1
github.com/a13x22/kubectl-wild/runner.go:162.44,164.22 2 1
github.com/a13x22/kubectl-wild/runner.go:167.9,167.50 1 1
github.com/a13x22/kubectl-wild/runner.go:167.50,168.21 1 0
github.com/a13x22/kubectl-wild/runner.go:170.9,173.25 4 1
github.com/a13x22/kubectl-wild/runner.go:173.25,176.10 1 1
github.com/a13x22/kubectl-wild/runner.go:177.9,178.24 2 1
github.com/a13x22/kubectl-wild/runner.go:178.24,180.10 1 1
github.com/a13x22/kubectl-wild/runner.go:181.9,181.158 1 1
github.com/a13x22/kubectl-wild/runner.go:185.5,185.28 1 1
github.com/a13x22/kubectl-wild/runner.go:185.28,187.79 2 1
github.com/a13x22/kubectl-wild/runner.go:187.79,189.10 1 1
github.com/a13x22/kubectl-wild/runner.go:190.9,190.50 1 1
github.com/a13x22/kubectl-wild/runner.go:190.50,193.10 2 0
github.com/a13x22/kubectl-wild/runner.go:196.9,196.36 1 1
github.com/a13x22/kubectl-wild/runner.go:196.36,197.27 1 1
github.com/a13x22/kubectl-wild/runner.go:197.27,200.87 1 1
github.com/a13x22/kubectl-wild/runner.go:200.87,203.18 2 0
github.com/a13x22/kubectl-wild/runner.go:203.23,207.18 2 1
github.com/a13x22/kubectl-wild/runner.go:210.9,210.28 1 1
github.com/a13x22/kubectl-wild/runner.go:210.28,213.10 2 1
github.com/a13x22/kubectl-wild/runner.go:216.5,217.22 2 0
github.com/a13x22/kubectl-wild/runner.go:220.41,222.26 2 1
github.com/a13x22/kubectl-wild/runner.go:222.26,224.6 1 1
github.com/a13x22/kubectl-wild/runner.go:225.5,225.15 1 1
github.com/a13x22/kubectl-wild/runner.go:265.96,269.90 3 1
github.com/a13x22/kubectl-wild/runner.go:269.90,271.3 1 1
github.com/a13x22/kubectl-wild/runner.go:272.2,274.16 3 1
github.com/a13x22/kubectl-wild/runner.go:274.16,275.22 1 1
github.com/a13x22/kubectl-wild/runner.go:275.22,277.4 1 1
github.com/a13x22/kubectl-wild/runner.go:278.3,278.18 1 0
github.com/a13x22/kubectl-wild/runner.go:281.2,282.51 2 1
github.com/a13x22/kubectl-wild/runner.go:282.51,284.3 1 1
github.com/a13x22/kubectl-wild/runner.go:285.2,286.32 2 1
github.com/a13x22/kubectl-wild/runner.go:286.32,288.42 2 1
github.com/a13x22/kubectl-wild/runner.go:288.42,289.85 1 1
github.com/a13x22/kubectl-wild/runner.go:289.85,291.5 1 1
github.com/a13x22/kubectl-wild/runner.go:296.3,301.23 6 1
github.com/a13x22/kubectl-wild/runner.go:301.23,303.29 1 1
github.com/a13x22/kubectl-wild/runner.go:303.29,306.5 2 1
github.com/a13x22/kubectl-wild/runner.go:307.4,307.51 1 1
github.com/a13x22/kubectl-wild/runner.go:307.51,309.18 2 1
github.com/a13x22/kubectl-wild/runner.go:309.18,311.6 1 1
github.com/a13x22/kubectl-wild/runner.go:312.5,312.24 1 1
github.com/a13x22/kubectl-wild/runner.go:312.24,313.66 1 1
github.com/a13x22/kubectl-wild/runner.go:313.66,316.7 2 1
github.com/a13x22/kubectl-wild/runner.go:317.6,317.72 1 1
github.com/a13x22/kubectl-wild/runner.go:317.72,320.7 2 0
github.com/a13x22/kubectl-wild/runner.go:322.6,322.33 1 1
github.com/a13x22/kubectl-wild/runner.go:322.33,325.7 2 1
github.com/a13x22/kubectl-wild/runner.go:329.3,330.49 2 1
github.com/a13x22/kubectl-wild/runner.go:330.49,331.36 1 0
github.com/a13x22/kubectl-wild/runner.go:331.36,333.5 1 0
github.com/a13x22/kubectl-wild/runner.go:335.3,336.21 2 1
github.com/a13x22/kubectl-wild/runner.go:336.21,338.4 1 1
github.com/a13x22/kubectl-wild/runner.go:339.3,352.5 1 1
github.com/a13x22/kubectl-wild/runner.go:354.2,354.18 1 1
